This is LuaHBTeX, Version 1.21.0 (MiKTeX 25.3) (format=lualatex 2025.3.19)  6 JAN 2026 16:53
 system commands enabled.
 file:line:error style messages enabled.
**c:/Users/fonta/Desktop/BigData/Presentazione/presentation
(c:/Users/fonta/Desktop/BigData/Presentazione/presentation.tex
LaTeX2e <2024-11-01> patch level 2
L3 programming layer <2025-01-18>
Lua module: luaotfload 2024-12-03 v3.29 Lua based OpenType font support
Lua module: lualibs 2023-07-13 v2.76 ConTeXt Lua standard libraries.
Lua module: lualibs-extended 2023-07-13 v2.76 ConTeXt Lua libraries -- extended 
collection.
luaotfload | conf : Root cache directory is "C:/Users/fonta/AppData/Local/MiKTeX
/luatex-cache/generic/names".
luaotfload | init : Loading fontloader "fontloader-2023-12-28.lua" from kpse-res
olved path "C:/Users/fonta/AppData/Local/Programs/MiKTeX/tex/luatex/luaotfload/f
ontloader-2023-12-28.lua".
Lua-only attribute luaotfload@noligature = 1
luaotfload | init : Context OpenType loader version 3.134
Inserting `luaotfload.node_processor' in `pre_linebreak_filter'.
Inserting `luaotfload.node_processor' in `hpack_filter'.
Inserting `luaotfload.glyph_stream' in `glyph_stream_provider'.
Inserting `luaotfload.define_font' in `define_font'.
Lua-only attribute luaotfload_color_attribute = 2
luaotfload | conf : Root cache directory is "C:/Users/fonta/AppData/Local/MiKTeX
/luatex-cache/generic/names".
Inserting `luaotfload.harf.strip_prefix' in `find_opentype_file'.
Inserting `luaotfload.harf.strip_prefix' in `find_truetype_file'.
Removing  `luaotfload.glyph_stream' from `glyph_stream_provider'.
Inserting `luaotfload.harf.glyphstream' in `glyph_stream_provider'.
Inserting `luaotfload.harf.finalize_vlist' in `post_linebreak_filter'.
Inserting `luaotfload.harf.finalize_hlist' in `hpack_filter'.
Inserting `luaotfload.cleanup_files' in `wrapup_run'.
Inserting `luaotfload.harf.finalize_unicode' in `finish_pdffile'.
Inserting `luaotfload.glyphinfo' in `glyph_info'.
Lua-only attribute luaotfload.letterspace_done = 3
Inserting `luaotfload.aux.set_sscale_dimens' in `luaotfload.patch_font'.
Inserting `luaotfload.aux.set_font_index' in `luaotfload.patch_font'.
Inserting `luaotfload.aux.patch_cambria_domh' in `luaotfload.patch_font'.
Inserting `luaotfload.aux.fixup_fontdata' in `luaotfload.patch_font_unsafe'.
Inserting `luaotfload.aux.set_capheight' in `luaotfload.patch_font'.
Inserting `luaotfload.aux.set_xheight' in `luaotfload.patch_font'.
Inserting `luaotfload.rewrite_fontname' in `luaotfload.patch_font'.
Inserting `tracingstacklevels' in `input_level_string'. (C:/Users/fonta/AppData
/Local/Programs/MiKTeX/tex/latex/beamer/beamer.cls
Document Class: beamer 2025/02/04 v3.72 A class for typesetting presentations

(C:/Users/fonta/AppData/Local/Programs/MiKTeX/tex/latex/beamer/beamerbasemodes.
sty
(C:/Users/fonta/AppData/Local/Programs/MiKTeX/tex/latex/etoolbox/etoolbox.sty
Package: etoolbox 2025/02/11 v2.5l e-TeX tools for LaTeX (JAW)
\etb@tempcnta=\count194
)
\beamer@tempbox=\box52
\beamer@tempcount=\count195
\c@beamerpauses=\count196

(C:/Users/fonta/AppData/Local/Programs/MiKTeX/tex/latex/beamer/beamerbasedecode
.sty
\beamer@slideinframe=\count197
\beamer@minimum=\count198
\beamer@decode@box=\box53
)
\beamer@commentbox=\box54
\beamer@modecount=\count199
)
(C:/Users/fonta/AppData/Local/Programs/MiKTeX/tex/generic/iftex/iftex.sty
Package: iftex 2024/12/12 v1.0g TeX engine tests
)
\headdp=\dimen140
\footheight=\dimen141
\sidebarheight=\dimen142
\beamer@tempdim=\dimen143
\beamer@finalheight=\dimen144
\beamer@animht=\dimen145
\beamer@animdp=\dimen146
\beamer@animwd=\dimen147
\beamer@leftmargin=\dimen148
\beamer@rightmargin=\dimen149
\beamer@leftsidebar=\dimen150
\beamer@rightsidebar=\dimen151
\beamer@boxsize=\dimen152
\beamer@vboxoffset=\dimen153
\beamer@descdefault=\dimen154
\beamer@descriptionwidth=\dimen155
\beamer@lastskip=\skip49
\beamer@areabox=\box55
\beamer@animcurrent=\box56
\beamer@animshowbox=\box57
\beamer@sectionbox=\box58
\beamer@logobox=\box59
\beamer@linebox=\box60
\beamer@sectioncount=\count266
\beamer@subsubsectionmax=\count267
\beamer@subsectionmax=\count268
\beamer@sectionmax=\count269
\beamer@totalheads=\count270
\beamer@headcounter=\count271
\beamer@partstartpage=\count272
\beamer@sectionstartpage=\count273
\beamer@subsectionstartpage=\count274
\beamer@animationtempa=\count275
\beamer@animationtempb=\count276
\beamer@xpos=\count277
\beamer@ypos=\count278
\beamer@ypos@offset=\count279
\beamer@showpartnumber=\count280
\beamer@currentsubsection=\count281
\beamer@coveringdepth=\count282
\beamer@sectionadjust=\count283
\beamer@toclastsection=\count284
\beamer@tocsectionnumber=\count285

(C:/Users/fonta/AppData/Local/Programs/MiKTeX/tex/latex/beamer/beamerbaseoption
s.sty
(C:/Users/fonta/AppData/Local/Programs/MiKTeX/tex/latex/graphics/keyval.sty
Package: keyval 2022/05/29 v1.15 key=value parser (DPC)
\KV@toks@=\toks17
))
\beamer@paperwidth=\skip50
\beamer@paperheight=\skip51

(C:/Users/fonta/AppData/Local/Programs/MiKTeX/tex/latex/geometry/geometry.sty
Package: geometry 2020/01/02 v5.9 Page Geometry

(C:/Users/fonta/AppData/Local/Programs/MiKTeX/tex/generic/iftex/ifvtex.sty
Package: ifvtex 2019/10/25 v1.7 ifvtex legacy package. Use iftex instead.
)
\Gm@cnth=\count286
\Gm@cntv=\count287
\c@Gm@tempcnt=\count288
\Gm@bindingoffset=\dimen156
\Gm@wd@mp=\dimen157
\Gm@odd@mp=\dimen158
\Gm@even@mp=\dimen159
\Gm@layoutwidth=\dimen160
\Gm@layoutheight=\dimen161
\Gm@layouthoffset=\dimen162
\Gm@layoutvoffset=\dimen163
\Gm@dimlist=\toks18

(C:/Users/fonta/AppData/Local/Programs/MiKTeX/tex/latex/geometry/geometry.cfg)) (C:/Users/fonta/AppData/Local/Programs/MiKTeX/tex/latex/pgf/math/pgfmath.sty
(C:/Users/fonta/AppData/Local/Programs/MiKTeX/tex/latex/pgf/utilities/pgfrcs.st
y
(C:/Users/fonta/AppData/Local/Programs/MiKTeX/tex/generic/pgf/utilities/pgfutil
-common.tex
\pgfutil@everybye=\toks19
\pgfutil@tempdima=\dimen164
\pgfutil@tempdimb=\dimen165
)
(C:/Users/fonta/AppData/Local/Programs/MiKTeX/tex/generic/pgf/utilities/pgfutil
-latex.def
\pgfutil@abb=\box61
)
(C:/Users/fonta/AppData/Local/Programs/MiKTeX/tex/generic/pgf/utilities/pgfrcs.
code.tex
(C:/Users/fonta/AppData/Local/Programs/MiKTeX/tex/generic/pgf/pgf.revision.tex)
Package: pgfrcs 2023-01-15 v3.1.10 (3.1.10)
))
(C:/Users/fonta/AppData/Local/Programs/MiKTeX/tex/latex/pgf/utilities/pgfkeys.s
ty
(C:/Users/fonta/AppData/Local/Programs/MiKTeX/tex/generic/pgf/utilities/pgfkeys
.code.tex
\pgfkeys@pathtoks=\toks20
\pgfkeys@temptoks=\toks21

(C:/Users/fonta/AppData/Local/Programs/MiKTeX/tex/generic/pgf/utilities/pgfkeys
libraryfiltered.code.tex
\pgfkeys@tmptoks=\toks22
)))
(C:/Users/fonta/AppData/Local/Programs/MiKTeX/tex/generic/pgf/math/pgfmath.code
.tex
(C:/Users/fonta/AppData/Local/Programs/MiKTeX/tex/generic/pgf/math/pgfmathutil.
code.tex
\pgf@x=\dimen166
\pgf@xa=\dimen167
\pgf@xb=\dimen168
\pgf@xc=\dimen169
\pgf@y=\dimen170
\pgf@ya=\dimen171
\pgf@yb=\dimen172
\pgf@yc=\dimen173
\c@pgf@counta=\count289
\c@pgf@countb=\count290
\c@pgf@countc=\count291
\c@pgf@countd=\count292
)
(C:/Users/fonta/AppData/Local/Programs/MiKTeX/tex/generic/pgf/math/pgfmathparse
r.code.tex
\pgfmath@dimen=\dimen174
\pgfmath@count=\count293
\pgfmath@box=\box62
\pgfmath@toks=\toks23
\pgfmath@stack@operand=\toks24
\pgfmath@stack@operation=\toks25
)
(C:/Users/fonta/AppData/Local/Programs/MiKTeX/tex/generic/pgf/math/pgfmathfunct
ions.code.tex)
(C:/Users/fonta/AppData/Local/Programs/MiKTeX/tex/generic/pgf/math/pgfmathfunct
ions.basic.code.tex)
(C:/Users/fonta/AppData/Local/Programs/MiKTeX/tex/generic/pgf/math/pgfmathfunct
ions.trigonometric.code.tex)
(C:/Users/fonta/AppData/Local/Programs/MiKTeX/tex/generic/pgf/math/pgfmathfunct
ions.random.code.tex)
(C:/Users/fonta/AppData/Local/Programs/MiKTeX/tex/generic/pgf/math/pgfmathfunct
ions.comparison.code.tex)
(C:/Users/fonta/AppData/Local/Programs/MiKTeX/tex/generic/pgf/math/pgfmathfunct
ions.base.code.tex)
(C:/Users/fonta/AppData/Local/Programs/MiKTeX/tex/generic/pgf/math/pgfmathfunct
ions.round.code.tex)
(C:/Users/fonta/AppData/Local/Programs/MiKTeX/tex/generic/pgf/math/pgfmathfunct
ions.misc.code.tex)
(C:/Users/fonta/AppData/Local/Programs/MiKTeX/tex/generic/pgf/math/pgfmathfunct
ions.integerarithmetics.code.tex)
(C:/Users/fonta/AppData/Local/Programs/MiKTeX/tex/generic/pgf/math/pgfmathcalc.
code.tex)
(C:/Users/fonta/AppData/Local/Programs/MiKTeX/tex/generic/pgf/math/pgfmathfloat
.code.tex
\c@pgfmathroundto@lastzeros=\count294
)))
(C:/Users/fonta/AppData/Local/Programs/MiKTeX/tex/latex/base/size11.clo
File: size11.clo 2024/06/29 v1.4n Standard LaTeX file (size option)
luaotfload | db : Font names database loaded from C:/Users/fonta/AppData/Local/M
iKTeX/luatex-cache/generic/names/luaotfload-names.luc.gz)
(C:/Users/fonta/AppData/Local/Programs/MiKTeX/tex/latex/pgf/basiclayer/pgfcore.
sty
(C:/Users/fonta/AppData/Local/Programs/MiKTeX/tex/latex/graphics/graphicx.sty
Package: graphicx 2021/09/16 v1.2d Enhanced LaTeX Graphics (DPC,SPQR)

(C:/Users/fonta/AppData/Local/Programs/MiKTeX/tex/latex/graphics/graphics.sty
Package: graphics 2024/08/06 v1.4g Standard LaTeX Graphics (DPC,SPQR)

(C:/Users/fonta/AppData/Local/Programs/MiKTeX/tex/latex/graphics/trig.sty
Package: trig 2023/12/02 v1.11 sin cos tan (DPC)
)
(C:/Users/fonta/AppData/Local/Programs/MiKTeX/tex/latex/graphics-cfg/graphics.c
fg
File: graphics.cfg 2016/06/04 v1.11 sample graphics configuration
)
Package graphics Info: Driver file: luatex.def on input line 106.

(C:/Users/fonta/AppData/Local/Programs/MiKTeX/tex/latex/graphics-def/luatex.def
File: luatex.def 2022/09/22 v1.2d Graphics/color driver for luatex
))
\Gin@req@height=\dimen175
\Gin@req@width=\dimen176
)
(C:/Users/fonta/AppData/Local/Programs/MiKTeX/tex/latex/pgf/systemlayer/pgfsys.
sty
(C:/Users/fonta/AppData/Local/Programs/MiKTeX/tex/generic/pgf/systemlayer/pgfsy
s.code.tex
Package: pgfsys 2023-01-15 v3.1.10 (3.1.10)
\pgf@x=\dimen177
\pgf@y=\dimen178
\pgf@xa=\dimen179
\pgf@ya=\dimen180
\pgf@xb=\dimen181
\pgf@yb=\dimen182
\pgf@xc=\dimen183
\pgf@yc=\dimen184
\pgf@xd=\dimen185
\pgf@yd=\dimen186
\w@pgf@writea=\write3
\r@pgf@reada=\read2
\c@pgf@counta=\count295
\c@pgf@countb=\count296
\c@pgf@countc=\count297
\c@pgf@countd=\count298
\t@pgf@toka=\toks26
\t@pgf@tokb=\toks27
\t@pgf@tokc=\toks28
\pgf@sys@id@count=\count299

(C:/Users/fonta/AppData/Local/Programs/MiKTeX/tex/generic/pgf/systemlayer/pgf.c
fg
File: pgf.cfg 2023-01-15 v3.1.10 (3.1.10)
)
Driver file for pgf: pgfsys-luatex.def

(C:/Users/fonta/AppData/Local/Programs/MiKTeX/tex/generic/pgf/systemlayer/pgfsy
s-luatex.def
File: pgfsys-luatex.def 2023-01-15 v3.1.10 (3.1.10)

(C:/Users/fonta/AppData/Local/Programs/MiKTeX/tex/generic/pgf/systemlayer/pgfsy
s-common-pdf.def
File: pgfsys-common-pdf.def 2023-01-15 v3.1.10 (3.1.10)
)))
(C:/Users/fonta/AppData/Local/Programs/MiKTeX/tex/generic/pgf/systemlayer/pgfsy
ssoftpath.code.tex
File: pgfsyssoftpath.code.tex 2023-01-15 v3.1.10 (3.1.10)
\pgfsyssoftpath@smallbuffer@items=\count300
\pgfsyssoftpath@bigbuffer@items=\count301
)
(C:/Users/fonta/AppData/Local/Programs/MiKTeX/tex/generic/pgf/systemlayer/pgfsy
sprotocol.code.tex
File: pgfsysprotocol.code.tex 2023-01-15 v3.1.10 (3.1.10)
))
(C:/Users/fonta/AppData/Local/Programs/MiKTeX/tex/latex/xcolor/xcolor.sty
Package: xcolor 2024/09/29 v3.02 LaTeX color extensions (UK)

(C:/Users/fonta/AppData/Local/Programs/MiKTeX/tex/latex/graphics-cfg/color.cfg
File: color.cfg 2016/01/02 v1.6 sample color configuration
)
Package xcolor Info: Driver file: luatex.def on input line 274.
(C:/Users/fonta/AppData/Local/Programs/MiKTeX/tex/latex/graphics/mathcolor.ltx)
Package xcolor Info: Model `cmy' substituted by `cmy0' on input line 1349.
Package xcolor Info: Model `hsb' substituted by `rgb' on input line 1353.
Package xcolor Info: Model `RGB' extended on input line 1365.
Package xcolor Info: Model `HTML' substituted by `rgb' on input line 1367.
Package xcolor Info: Model `Hsb' substituted by `hsb' on input line 1368.
Package xcolor Info: Model `tHsb' substituted by `hsb' on input line 1369.
Package xcolor Info: Model `HSB' substituted by `hsb' on input line 1370.
Package xcolor Info: Model `Gray' substituted by `gray' on input line 1371.
Package xcolor Info: Model `wave' substituted by `hsb' on input line 1372.
)
(C:/Users/fonta/AppData/Local/Programs/MiKTeX/tex/generic/pgf/basiclayer/pgfcor
e.code.tex
Package: pgfcore 2023-01-15 v3.1.10 (3.1.10)

(C:/Users/fonta/AppData/Local/Programs/MiKTeX/tex/generic/pgf/math/pgfint.code.
tex)
(C:/Users/fonta/AppData/Local/Programs/MiKTeX/tex/generic/pgf/basiclayer/pgfcor
epoints.code.tex
File: pgfcorepoints.code.tex 2023-01-15 v3.1.10 (3.1.10)
\pgf@picminx=\dimen187
\pgf@picmaxx=\dimen188
\pgf@picminy=\dimen189
\pgf@picmaxy=\dimen190
\pgf@pathminx=\dimen191
\pgf@pathmaxx=\dimen192
\pgf@pathminy=\dimen193
\pgf@pathmaxy=\dimen194
\pgf@xx=\dimen195
\pgf@xy=\dimen196
\pgf@yx=\dimen197
\pgf@yy=\dimen198
\pgf@zx=\dimen199
\pgf@zy=\dimen256
)
(C:/Users/fonta/AppData/Local/Programs/MiKTeX/tex/generic/pgf/basiclayer/pgfcor
epathconstruct.code.tex
File: pgfcorepathconstruct.code.tex 2023-01-15 v3.1.10 (3.1.10)
\pgf@path@lastx=\dimen257
\pgf@path@lasty=\dimen258
)
(C:/Users/fonta/AppData/Local/Programs/MiKTeX/tex/generic/pgf/basiclayer/pgfcor
epathusage.code.tex
File: pgfcorepathusage.code.tex 2023-01-15 v3.1.10 (3.1.10)
\pgf@shorten@end@additional=\dimen259
\pgf@shorten@start@additional=\dimen260
)
(C:/Users/fonta/AppData/Local/Programs/MiKTeX/tex/generic/pgf/basiclayer/pgfcor
escopes.code.tex
File: pgfcorescopes.code.tex 2023-01-15 v3.1.10 (3.1.10)
\pgfpic=\box63
\pgf@hbox=\box64
\pgf@layerbox@main=\box65
\pgf@picture@serial@count=\count302
)
(C:/Users/fonta/AppData/Local/Programs/MiKTeX/tex/generic/pgf/basiclayer/pgfcor
egraphicstate.code.tex
File: pgfcoregraphicstate.code.tex 2023-01-15 v3.1.10 (3.1.10)
\pgflinewidth=\dimen261
)
(C:/Users/fonta/AppData/Local/Programs/MiKTeX/tex/generic/pgf/basiclayer/pgfcor
etransformations.code.tex
File: pgfcoretransformations.code.tex 2023-01-15 v3.1.10 (3.1.10)
\pgf@pt@x=\dimen262
\pgf@pt@y=\dimen263
\pgf@pt@temp=\dimen264
)
(C:/Users/fonta/AppData/Local/Programs/MiKTeX/tex/generic/pgf/basiclayer/pgfcor
equick.code.tex
File: pgfcorequick.code.tex 2023-01-15 v3.1.10 (3.1.10)
)
(C:/Users/fonta/AppData/Local/Programs/MiKTeX/tex/generic/pgf/basiclayer/pgfcor
eobjects.code.tex
File: pgfcoreobjects.code.tex 2023-01-15 v3.1.10 (3.1.10)
)
(C:/Users/fonta/AppData/Local/Programs/MiKTeX/tex/generic/pgf/basiclayer/pgfcor
epathprocessing.code.tex
File: pgfcorepathprocessing.code.tex 2023-01-15 v3.1.10 (3.1.10)
)
(C:/Users/fonta/AppData/Local/Programs/MiKTeX/tex/generic/pgf/basiclayer/pgfcor
earrows.code.tex
File: pgfcorearrows.code.tex 2023-01-15 v3.1.10 (3.1.10)
\pgfarrowsep=\dimen265
)
(C:/Users/fonta/AppData/Local/Programs/MiKTeX/tex/generic/pgf/basiclayer/pgfcor
eshade.code.tex
File: pgfcoreshade.code.tex 2023-01-15 v3.1.10 (3.1.10)
\pgf@max=\dimen266
\pgf@sys@shading@range@num=\count303
\pgf@shadingcount=\count304
)
(C:/Users/fonta/AppData/Local/Programs/MiKTeX/tex/generic/pgf/basiclayer/pgfcor
eimage.code.tex
File: pgfcoreimage.code.tex 2023-01-15 v3.1.10 (3.1.10)
)
(C:/Users/fonta/AppData/Local/Programs/MiKTeX/tex/generic/pgf/basiclayer/pgfcor
eexternal.code.tex
File: pgfcoreexternal.code.tex 2023-01-15 v3.1.10 (3.1.10)
\pgfexternal@startupbox=\box66
)
(C:/Users/fonta/AppData/Local/Programs/MiKTeX/tex/generic/pgf/basiclayer/pgfcor
elayers.code.tex
File: pgfcorelayers.code.tex 2023-01-15 v3.1.10 (3.1.10)
)
(C:/Users/fonta/AppData/Local/Programs/MiKTeX/tex/generic/pgf/basiclayer/pgfcor
etransparency.code.tex
File: pgfcoretransparency.code.tex 2023-01-15 v3.1.10 (3.1.10)
)
(C:/Users/fonta/AppData/Local/Programs/MiKTeX/tex/generic/pgf/basiclayer/pgfcor
epatterns.code.tex
File: pgfcorepatterns.code.tex 2023-01-15 v3.1.10 (3.1.10)
)
(C:/Users/fonta/AppData/Local/Programs/MiKTeX/tex/generic/pgf/basiclayer/pgfcor
erdf.code.tex
File: pgfcorerdf.code.tex 2023-01-15 v3.1.10 (3.1.10)
)))
(C:/Users/fonta/AppData/Local/Programs/MiKTeX/tex/latex/pgf/utilities/xxcolor.s
ty
Package: xxcolor 2003/10/24 ver 0.1
\XC@nummixins=\count305
\XC@countmixins=\count306
)
(C:/Users/fonta/AppData/Local/Programs/MiKTeX/tex/latex/base/atbegshi-ltx.sty
Package: atbegshi-ltx 2021/01/10 v1.0c Emulation of the original atbegshi
package with kernel methods
)
(C:/Users/fonta/AppData/Local/Programs/MiKTeX/tex/latex/hyperref/hyperref.sty
Package: hyperref 2024-11-05 v7.01l Hypertext links for LaTeX

(C:/Users/fonta/AppData/Local/Programs/MiKTeX/tex/latex/kvsetkeys/kvsetkeys.sty
Package: kvsetkeys 2022-10-05 v1.19 Key value parser (HO)
)
(C:/Users/fonta/AppData/Local/Programs/MiKTeX/tex/generic/kvdefinekeys/kvdefine
keys.sty
Package: kvdefinekeys 2019-12-19 v1.6 Define keys (HO)
)
(C:/Users/fonta/AppData/Local/Programs/MiKTeX/tex/generic/pdfescape/pdfescape.s
ty
Package: pdfescape 2019/12/09 v1.15 Implements pdfTeX's escape features (HO)

(C:/Users/fonta/AppData/Local/Programs/MiKTeX/tex/generic/ltxcmds/ltxcmds.sty
Package: ltxcmds 2023-12-04 v1.26 LaTeX kernel commands for general use (HO)
)
(C:/Users/fonta/AppData/Local/Programs/MiKTeX/tex/generic/pdftexcmds/pdftexcmds
.sty
Package: pdftexcmds 2020-06-27 v0.33 Utility functions of pdfTeX for LuaTeX (HO
)

(C:/Users/fonta/AppData/Local/Programs/MiKTeX/tex/generic/infwarerr/infwarerr.s
ty
Package: infwarerr 2019/12/03 v1.5 Providing info/warning/error messages (HO)
)
Package pdftexcmds Info: \pdf@primitive is available.
Package pdftexcmds Info: \pdf@ifprimitive is available.
Package pdftexcmds Info: \pdfdraftmode found.
\pdftexcmds@toks=\toks29
))
(C:/Users/fonta/AppData/Local/Programs/MiKTeX/tex/latex/hycolor/hycolor.sty
Package: hycolor 2020-01-27 v1.10 Color options for hyperref/bookmark (HO)
)
(C:/Users/fonta/AppData/Local/Programs/MiKTeX/tex/latex/hyperref/nameref.sty
Package: nameref 2023-11-26 v2.56 Cross-referencing by name of section

(C:/Users/fonta/AppData/Local/Programs/MiKTeX/tex/latex/refcount/refcount.sty
Package: refcount 2019/12/15 v3.6 Data extraction from label references (HO)
)
(C:/Users/fonta/AppData/Local/Programs/MiKTeX/tex/generic/gettitlestring/gettit
lestring.sty
Package: gettitlestring 2019/12/15 v1.6 Cleanup title references (HO)

(C:/Users/fonta/AppData/Local/Programs/MiKTeX/tex/latex/kvoptions/kvoptions.sty
Package: kvoptions 2022-06-15 v3.15 Key value format for package options (HO)
))
\c@section@level=\count307
)
(C:/Users/fonta/AppData/Local/Programs/MiKTeX/tex/generic/stringenc/stringenc.s
ty
Package: stringenc 2019/11/29 v1.12 Convert strings between diff. encodings (HO
)
)
\@linkdim=\dimen267
\Hy@linkcounter=\count308
\Hy@pagecounter=\count309
 (C:/Users/fonta/AppData/Local/Programs/MiKTeX/tex/latex/hyperref/pd1enc.def
File: pd1enc.def 2024-11-05 v7.01l Hyperref: PDFDocEncoding definition (HO)
) (C:/Users/fonta/AppData/Local/Programs/MiKTeX/tex/generic/intcalc/intcalc.sty
Package: intcalc 2019/12/15 v1.3 Expandable calculations with integers (HO)
)
\Hy@SavedSpaceFactor=\count310
 (C:/Users/fonta/AppData/Local/Programs/MiKTeX/tex/latex/hyperref/puenc.def
File: puenc.def 2024-11-05 v7.01l Hyperref: PDF Unicode definition (HO)
)
Package hyperref Info: Option `bookmarks' set `true' on input line 4040.
Package hyperref Info: Option `bookmarksopen' set `true' on input line 4040.
Package hyperref Info: Option `implicit' set `false' on input line 4040.
Package hyperref Info: Hyper figures OFF on input line 4157.
Package hyperref Info: Link nesting OFF on input line 4162.
Package hyperref Info: Hyper index ON on input line 4165.
Package hyperref Info: Plain pages OFF on input line 4172.
Package hyperref Info: Backreferencing OFF on input line 4177.
Package hyperref Info: Implicit mode OFF; no redefinition of LaTeX internals.
Package hyperref Info: Bookmarks ON on input line 4424.
\c@Hy@tempcnt=\count311

(C:/Users/fonta/AppData/Local/Programs/MiKTeX/tex/latex/url/url.sty
\Urlmuskip=\muskip17
Package: url 2013/09/16  ver 3.4  Verb mode for urls, etc.
)
LaTeX Info: Redefining \url on input line 4763.
\XeTeXLinkMargin=\dimen268

(C:/Users/fonta/AppData/Local/Programs/MiKTeX/tex/generic/bitset/bitset.sty
Package: bitset 2019/12/09 v1.3 Handle bit-vector datatype (HO)

(C:/Users/fonta/AppData/Local/Programs/MiKTeX/tex/generic/bigintcalc/bigintcalc
.sty
Package: bigintcalc 2019/12/15 v1.5 Expandable calculations on big integers (HO
)
))
\Fld@menulength=\count312
\Field@Width=\dimen269
\Fld@charsize=\dimen270
Package hyperref Info: Hyper figures OFF on input line 6042.
Package hyperref Info: Link nesting OFF on input line 6047.
Package hyperref Info: Hyper index ON on input line 6050.
Package hyperref Info: backreferencing OFF on input line 6057.
Package hyperref Info: Link coloring OFF on input line 6062.
Package hyperref Info: Link coloring with OCG OFF on input line 6067.
Package hyperref Info: PDF/A mode OFF on input line 6072.
\Hy@abspage=\count313


Package hyperref Message: Stopped early.

)
Package hyperref Info: Driver (autodetected): hluatex.
 (C:/Users/fonta/AppData/Local/Programs/MiKTeX/tex/latex/hyperref/hluatex.def
File: hluatex.def 2024-11-05 v7.01l Hyperref driver for luaTeX

(C:/Users/fonta/AppData/Local/Programs/MiKTeX/tex/latex/base/atveryend-ltx.sty
Package: atveryend-ltx 2020/08/19 v1.0a Emulation of the original atveryend pac
kage
with kernel methods
)
\Fld@listcount=\count314
\c@bookmark@seq@number=\count315

(C:/Users/fonta/AppData/Local/Programs/MiKTeX/tex/latex/rerunfilecheck/rerunfil
echeck.sty
Package: rerunfilecheck 2022-07-10 v1.10 Rerun checks for auxiliary files (HO)

(C:/Users/fonta/AppData/Local/Programs/MiKTeX/tex/generic/uniquecounter/uniquec
ounter.sty
Package: uniquecounter 2019/12/15 v1.4 Provide unlimited unique counter (HO)
)
Package uniquecounter Info: New unique counter `rerunfilecheck' on input line 2
85.
))
(C:/Users/fonta/AppData/Local/Programs/MiKTeX/tex/latex/beamer/beamerbaserequir
es.sty
(C:/Users/fonta/AppData/Local/Programs/MiKTeX/tex/latex/beamer/beamerbasecompat
ibility.sty)
(C:/Users/fonta/AppData/Local/Programs/MiKTeX/tex/latex/beamer/beamerbasefont.s
ty (C:/Users/fonta/AppData/Local/Programs/MiKTeX/tex/latex/amsfonts/amssymb.sty
Package: amssymb 2013/01/14 v3.01 AMS font symbols
(C:/Users/fonta/AppData/Local/Programs/MiKTeX/tex/latex/amsfonts/amsfonts.sty
Package: amsfonts 2013/01/14 v3.01 Basic AMSFonts support
\@emptytoks=\toks30
\symAMSa=\mathgroup4
\symAMSb=\mathgroup5
LaTeX Font Info:    Redeclaring math symbol \hbar on input line 98.
LaTeX Font Info:    Overwriting math alphabet `\mathfrak' in version `bold'
(Font)                  U/euf/m/n --> U/euf/b/n on input line 106.
))
(C:/Users/fonta/AppData/Local/Programs/MiKTeX/tex/latex/sansmathaccent/sansmath
accent.sty
Package: sansmathaccent 2020/01/31

(C:/Users/fonta/AppData/Local/Programs/MiKTeX/tex/latex/koma-script/scrlfile.st
y
Package: scrlfile 2024/10/24 v3.43 KOMA-Script package (file load hooks)

(C:/Users/fonta/AppData/Local/Programs/MiKTeX/tex/latex/koma-script/scrlfile-ho
ok.sty
Package: scrlfile-hook 2024/10/24 v3.43 KOMA-Script package (using LaTeX hooks)


(C:/Users/fonta/AppData/Local/Programs/MiKTeX/tex/latex/koma-script/scrlogo.sty
Package: scrlogo 2024/10/24 v3.43 KOMA-Script package (logo)
)))))
(C:/Users/fonta/AppData/Local/Programs/MiKTeX/tex/latex/beamer/beamerbasetransl
ator.sty
(C:/Users/fonta/AppData/Local/Programs/MiKTeX/tex/latex/translator/translator.s
ty
Package: translator 2021-05-31 v1.12d Easy translation of strings in LaTeX
))
(C:/Users/fonta/AppData/Local/Programs/MiKTeX/tex/latex/beamer/beamerbasemisc.s
ty)
(C:/Users/fonta/AppData/Local/Programs/MiKTeX/tex/latex/beamer/beamerbasetwoscr
eens.sty)
(C:/Users/fonta/AppData/Local/Programs/MiKTeX/tex/latex/beamer/beamerbaseoverla
y.sty
\beamer@argscount=\count316
\beamer@lastskipcover=\skip52
\beamer@trivlistdepth=\count317
)
(C:/Users/fonta/AppData/Local/Programs/MiKTeX/tex/latex/beamer/beamerbasetitle.
sty)
(C:/Users/fonta/AppData/Local/Programs/MiKTeX/tex/latex/beamer/beamerbasesectio
n.sty
\c@lecture=\count318
\c@part=\count319
\c@section=\count320
\c@subsection=\count321
\c@subsubsection=\count322
)
(C:/Users/fonta/AppData/Local/Programs/MiKTeX/tex/latex/beamer/beamerbaseframe.
sty
\beamer@framebox=\box67
\beamer@frametitlebox=\box68
\beamer@zoombox=\box69
\beamer@zoomcount=\count323
\beamer@zoomframecount=\count324
\beamer@frametextheight=\dimen271
\c@subsectionslide=\count325
\beamer@frametopskip=\skip53
\beamer@framebottomskip=\skip54
\beamer@frametopskipautobreak=\skip55
\beamer@framebottomskipautobreak=\skip56
\beamer@envbody=\toks31
\framewidth=\dimen272
\c@framenumber=\count326
)
(C:/Users/fonta/AppData/Local/Programs/MiKTeX/tex/latex/beamer/beamerbaseverbat
im.sty
\beamer@verbatimfileout=\write4
)
(C:/Users/fonta/AppData/Local/Programs/MiKTeX/tex/latex/beamer/beamerbaseframes
ize.sty
\beamer@splitbox=\box70
\beamer@autobreakcount=\count327
\beamer@autobreaklastheight=\dimen273
\beamer@frametitletoks=\toks32
\beamer@framesubtitletoks=\toks33
)
(C:/Users/fonta/AppData/Local/Programs/MiKTeX/tex/latex/beamer/beamerbaseframec
omponents.sty
\beamer@footins=\box71
)
(C:/Users/fonta/AppData/Local/Programs/MiKTeX/tex/latex/beamer/beamerbasecolor.
sty)
(C:/Users/fonta/AppData/Local/Programs/MiKTeX/tex/latex/beamer/beamerbasenotes.
sty
\beamer@frameboxcopy=\box72
)
(C:/Users/fonta/AppData/Local/Programs/MiKTeX/tex/latex/beamer/beamerbasetoc.st
y)
(C:/Users/fonta/AppData/Local/Programs/MiKTeX/tex/latex/beamer/beamerbasetempla
tes.sty
\beamer@sbttoks=\toks34

(C:/Users/fonta/AppData/Local/Programs/MiKTeX/tex/latex/beamer/beamerbaseauxtem
plates.sty
(C:/Users/fonta/AppData/Local/Programs/MiKTeX/tex/latex/beamer/beamerbaseboxes.
sty
\bmb@box=\box73
\bmb@colorbox=\box74
\bmb@boxwidth=\dimen274
\bmb@boxheight=\dimen275
\bmb@prevheight=\dimen276
\bmb@temp=\dimen277
\bmb@dima=\dimen278
\bmb@dimb=\dimen279
\bmb@prevheight=\dimen280
)
\beamer@blockheadheight=\dimen281
))
(C:/Users/fonta/AppData/Local/Programs/MiKTeX/tex/latex/beamer/beamerbaselocals
tructure.sty
(C:/Users/fonta/AppData/Local/Programs/MiKTeX/tex/latex/tools/enumerate.sty
Package: enumerate 2023/07/04 v3.00 enumerate extensions (DPC)
\@enLab=\toks35
)
\beamer@bibiconwidth=\skip57
\c@figure=\count328
\c@table=\count329
\abovecaptionskip=\skip58
\belowcaptionskip=\skip59
)
(C:/Users/fonta/AppData/Local/Programs/MiKTeX/tex/latex/beamer/beamerbasenaviga
tion.sty
(C:/Users/fonta/AppData/Local/Programs/MiKTeX/tex/latex/beamer/beamerbasenaviga
tionsymbols.tex)
\beamer@section@min@dim=\dimen282
)
(C:/Users/fonta/AppData/Local/Programs/MiKTeX/tex/latex/beamer/beamerbasetheore
ms.sty
(C:/Users/fonta/AppData/Local/Programs/MiKTeX/tex/latex/amsmath/amsmath.sty
Package: amsmath 2024/11/05 v2.17t AMS math features
\@mathmargin=\skip60

For additional information on amsmath, use the `?' option.
(C:/Users/fonta/AppData/Local/Programs/MiKTeX/tex/latex/amsmath/amstext.sty
Package: amstext 2021/08/26 v2.01 AMS text

(C:/Users/fonta/AppData/Local/Programs/MiKTeX/tex/latex/amsmath/amsgen.sty
File: amsgen.sty 1999/11/30 v2.0 generic functions
\@emptytoks=\toks36
\ex@=\dimen283
))
(C:/Users/fonta/AppData/Local/Programs/MiKTeX/tex/latex/amsmath/amsbsy.sty
Package: amsbsy 1999/11/29 v1.2d Bold Symbols
\pmbraise@=\dimen284
)
(C:/Users/fonta/AppData/Local/Programs/MiKTeX/tex/latex/amsmath/amsopn.sty
Package: amsopn 2022/04/08 v2.04 operator names
)
\inf@bad=\count330
LaTeX Info: Redefining \frac on input line 235.
\uproot@=\count331
\leftroot@=\count332
LaTeX Info: Redefining \overline on input line 398.
LaTeX Info: Redefining \colon on input line 409.
\classnum@=\count333
\DOTSCASE@=\count334
LaTeX Info: Redefining \ldots on input line 495.
LaTeX Info: Redefining \dots on input line 498.
LaTeX Info: Redefining \cdots on input line 619.
\Mathstrutbox@=\box75
\strutbox@=\box76
LaTeX Info: Redefining \big on input line 721.
LaTeX Info: Redefining \Big on input line 722.
LaTeX Info: Redefining \bigg on input line 723.
LaTeX Info: Redefining \Bigg on input line 724.
\big@size=\dimen285
LaTeX Font Info:    Redeclaring font encoding OML on input line 742.
LaTeX Font Info:    Redeclaring font encoding OMS on input line 743.
\macc@depth=\count335
LaTeX Info: Redefining \bmod on input line 904.
LaTeX Info: Redefining \pmod on input line 909.
LaTeX Info: Redefining \smash on input line 939.
LaTeX Info: Redefining \relbar on input line 969.
LaTeX Info: Redefining \Relbar on input line 970.
\c@MaxMatrixCols=\count336
\dotsspace@=\muskip18
\c@parentequation=\count337
\dspbrk@lvl=\count338
\tag@help=\toks37
\row@=\count339
\column@=\count340
\maxfields@=\count341
\andhelp@=\toks38
\eqnshift@=\dimen286
\alignsep@=\dimen287
\tagshift@=\dimen288
\tagwidth@=\dimen289
\totwidth@=\dimen290
\lineht@=\dimen291
\@envbody=\toks39
\multlinegap=\skip61
\multlinetaggap=\skip62
\mathdisplay@stack=\toks40
LaTeX Info: Redefining \[ on input line 2953.
LaTeX Info: Redefining \] on input line 2954.
)
(C:/Users/fonta/AppData/Local/Programs/MiKTeX/tex/latex/amscls/amsthm.sty
Package: amsthm 2020/05/29 v2.20.6
\thm@style=\toks41
\thm@bodyfont=\toks42
\thm@headfont=\toks43
\thm@notefont=\toks44
\thm@headpunct=\toks45
\thm@preskip=\skip63
\thm@postskip=\skip64
\thm@headsep=\skip65
\dth@everypar=\toks46
)
\c@theorem=\count342
)
(C:/Users/fonta/AppData/Local/Programs/MiKTeX/tex/latex/beamer/beamerbasethemes
.sty))
(C:/Users/fonta/AppData/Local/Programs/MiKTeX/tex/latex/beamer/beamerthemedefau
lt.sty
(C:/Users/fonta/AppData/Local/Programs/MiKTeX/tex/latex/beamer/beamerfontthemed
efault.sty)
(C:/Users/fonta/AppData/Local/Programs/MiKTeX/tex/latex/beamer/beamercolortheme
default.sty)
(C:/Users/fonta/AppData/Local/Programs/MiKTeX/tex/latex/beamer/beamerinnertheme
default.sty
\beamer@dima=\dimen292
\beamer@dimb=\dimen293
)
(C:/Users/fonta/AppData/Local/Programs/MiKTeX/tex/latex/beamer/beameroutertheme
default.sty)))
(C:/Users/fonta/AppData/Local/Programs/MiKTeX/tex/latex/beamer/beamerthemeMadri
d.sty
(C:/Users/fonta/AppData/Local/Programs/MiKTeX/tex/latex/beamer/beamercolortheme
whale.sty)
(C:/Users/fonta/AppData/Local/Programs/MiKTeX/tex/latex/beamer/beamercolortheme
orchid.sty)
(C:/Users/fonta/AppData/Local/Programs/MiKTeX/tex/latex/beamer/beamerinnertheme
rounded.sty)
(C:/Users/fonta/AppData/Local/Programs/MiKTeX/tex/latex/beamer/beameroutertheme
infolines.sty))
(C:/Users/fonta/AppData/Local/Programs/MiKTeX/tex/latex/base/inputenc.sty
Package: inputenc 2024/02/08 v1.3d Input encoding file
\inpenc@prehook=\toks47
\inpenc@posthook=\toks48


Package inputenc Warning: inputenc package ignored with utf8 based engines.

) (C:/Users/fonta/AppData/Local/Programs/MiKTeX/tex/latex/base/fontenc.sty
Package: fontenc 2021/04/29 v2.0v Standard LaTeX package
LaTeX Font Info:    Trying to load font information for T1+lmss on input line 1
16.

(C:/Users/fonta/AppData/Local/Programs/MiKTeX/tex/latex/lm/t1lmss.fd
File: t1lmss.fd 2015/05/01 v1.6.1 Font defs for Latin Modern
))
(C:/Users/fonta/AppData/Local/Programs/MiKTeX/tex/generic/babel/babel.sty
Package: babel 2025/02/14 v25.4 The multilingual framework for pdfLaTeX, LuaLaT
eX and XeLaTeX

(C:/Users/fonta/AppData/Local/Programs/MiKTeX/tex/generic/babel/luababel.def
\bbl@readstream=\read3
\l@afrikaans=\language2
Package babel Info: Non-standard hyphenation setup on input line 118.
\l@ancientgreek=\language3
\l@armenian=\language4
\l@assamese=\language5
\l@basque=\language6
\l@belarusian=\language7
\l@bengali=\language8
\l@bokmal=\language9
\l@bulgarian=\language10
\l@catalan=\language11
\l@churchslavonic=\language12
\l@classiclatin=\language13
\l@coptic=\language14
\l@croatian=\language15
\l@czech=\language16
\l@danish=\language17
\l@dutch=\language18
\l@esperanto=\language19
\l@estonian=\language20
\l@ethiopic=\language21
\l@finnish=\language22
\l@french=\language23
\l@friulan=\language24
\l@galician=\language25
\l@georgian=\language26
\l@german=\language27
\l@greek=\language28
\l@gujarati=\language29
\l@hindi=\language30
\l@hungarian=\language31
\l@icelandic=\language32
\l@indonesian=\language33
\l@interlingua=\language34
\l@irish=\language35
\l@italian=\language36
\l@kannada=\language37
\l@kurmanji=\language38
\l@latin=\language39
\l@latvian=\language40
\l@lithuanian=\language41
\l@liturgicallatin=\language42
\l@macedonian=\language43
\l@malayalam=\language44
\l@marathi=\language45
\l@mongolian=\language46
\l@mongolianlmc=\language47
\l@monogreek=\language48
\l@ngerman=\language49
\l@nynorsk=\language50
\l@occitan=\language51
\l@oriya=\language52
\l@pali=\language53
\l@panjabi=\language54
\l@piedmontese=\language55
\l@polish=\language56
\l@portuguese=\language57
\l@romanian=\language58
\l@romansh=\language59
\l@russian=\language60
\l@sanskrit=\language61
\l@serbian=\language62
\l@serbianc=\language63
\l@slovak=\language64
\l@slovenian=\language65
\l@spanish=\language66
\l@swedish=\language67
\l@swissgerman=\language68
\l@tamil=\language69
\l@telugu=\language70
\l@thai=\language71
\l@turkish=\language72
\l@turkmen=\language73
\l@ukenglish=\language74
\l@ukrainian=\language75
\l@uppersorbian=\language76
\l@usenglishmax=\language77
\l@welsh=\language78
\babelcatcodetablenum=\catcodetable14
\bbl@pattcodes=\catcodetable15
)
\babel@savecnt=\count343
\U@D=\dimen294
\l@unhyphenated=\language79

(C:/Users/fonta/AppData/Local/Programs/MiKTeX/tex/generic/babel/luababel.def
\bbl@attr@locale=\attribute4
)
LaTeX Info: Redefining \textlatin on input line 3835.

*************************************
* Local config file bblopts.cfg used
*
(C:/Users/fonta/AppData/Local/Programs/MiKTeX/tex/latex/arabi/bblopts.cfg
File: bblopts.cfg 2005/09/08 v0.1 add Arabic and Farsi to "declared" options of
 babel
)
(C:/Users/fonta/AppData/Local/Programs/MiKTeX/tex/latex/babel-english/english.l
df
Language: english 2017/06/06 v3.3r English support from the babel system
Package babel Info: Hyphen rules for 'canadian' set to \l@english
(babel)             (\language0). Reported on input line 102.
Package babel Info: Hyphen rules for 'australian' set to \l@ukenglish
(babel)             (\language74). Reported on input line 105.
Package babel Info: Hyphen rules for 'newzealand' set to \l@ukenglish
(babel)             (\language74). Reported on input line 108.
))
(C:/Users/fonta/AppData/Local/Programs/MiKTeX/tex/generic/babel/locale/en/babel
-english.tex
Package babel Info: Importing font and identification data for english
(babel)             from babel-en.ini. Reported on input line 11.
)
(C:/Users/fonta/AppData/Local/Programs/MiKTeX/tex/latex/booktabs/booktabs.sty
Package: booktabs 2020/01/12 v1.61803398 Publication quality tables
\heavyrulewidth=\dimen295
\lightrulewidth=\dimen296
\cmidrulewidth=\dimen297
\belowrulesep=\dimen298
\belowbottomsep=\dimen299
\aboverulesep=\dimen300
\abovetopsep=\dimen301
\cmidrulesep=\dimen302
\cmidrulekern=\dimen303
\defaultaddspace=\dimen304
\@cmidla=\count344
\@cmidlb=\count345
\@aboverulesep=\dimen305
\@belowrulesep=\dimen306
\@thisruleclass=\count346
\@lastruleclass=\count347
\@thisrulewidth=\dimen307
)
(C:/Users/fonta/AppData/Local/Programs/MiKTeX/tex/latex/colortbl/colortbl.sty
Package: colortbl 2024/10/29 v1.0k Color table columns (DPC)

(C:/Users/fonta/AppData/Local/Programs/MiKTeX/tex/latex/tools/array.sty
Package: array 2024/10/17 v2.6g Tabular extension package (FMi)
\col@sep=\dimen308
\ar@mcellbox=\box77
\extrarowheight=\dimen309
\NC@list=\toks49
\extratabsurround=\skip66
\backup@length=\skip67
\ar@cellbox=\box78
)
\everycr=\toks50
\minrowclearance=\skip68
\rownum=\count348
)
(C:/Users/fonta/AppData/Local/Programs/MiKTeX/tex/latex/adjustbox/adjustbox.sty
Package: adjustbox 2025/02/26 v1.3c Adjusting TeX boxes (trim, clip, ...)
(C:/Users/fonta/AppData/Local/Programs/MiKTeX/tex/latex/xkeyval/xkeyval.sty
Package: xkeyval 2022/06/16 v2.9 package option processing (HA)

(C:/Users/fonta/AppData/Local/Programs/MiKTeX/tex/generic/xkeyval/xkeyval.tex
(C:/Users/fonta/AppData/Local/Programs/MiKTeX/tex/generic/xkeyval/xkvutils.tex
\XKV@toks=\toks51
\XKV@tempa@toks=\toks52
)
\XKV@depth=\count349
File: xkeyval.tex 2014/12/03 v2.7a key=value parser (HA)
))
(C:/Users/fonta/AppData/Local/Programs/MiKTeX/tex/latex/adjustbox/adjcalc.sty
Package: adjcalc 2012/05/16 v1.1 Provides advanced setlength with multiple back
-ends (calc, etex, pgfmath)
)
(C:/Users/fonta/AppData/Local/Programs/MiKTeX/tex/latex/adjustbox/trimclip.sty
Package: trimclip 2025/02/21 v1.2a Trim and clip general TeX material

(C:/Users/fonta/AppData/Local/Programs/MiKTeX/tex/latex/collectbox/collectbox.s
ty
Package: collectbox 2022/10/17 v0.4c Collect macro arguments as boxes
\collectedbox=\box79
)
\tc@llx=\dimen310
\tc@lly=\dimen311
\tc@urx=\dimen312
\tc@ury=\dimen313
Package trimclip Info: Using driver 'tc-luatex.def'.

(C:/Users/fonta/AppData/Local/Programs/MiKTeX/tex/latex/adjustbox/tc-luatex.def
File: tc-luatex.def 2025/02/26 v1.1 Clipping driver for luatex

(C:/Users/fonta/AppData/Local/Programs/MiKTeX/tex/latex/adjustbox/tc-pdftex.def
File: tc-pdftex.def 2025/02/26 v2.3 Clipping driver for pdftex
)))
\adjbox@Width=\dimen314
\adjbox@Height=\dimen315
\adjbox@Depth=\dimen316
\adjbox@Totalheight=\dimen317
\adjbox@pwidth=\dimen318
\adjbox@pheight=\dimen319
\adjbox@pdepth=\dimen320
\adjbox@ptotalheight=\dimen321

(C:/Users/fonta/AppData/Local/Programs/MiKTeX/tex/latex/ifoddpage/ifoddpage.sty
Package: ifoddpage 2022/10/18 v1.2 Conditionals for odd/even page detection
\c@checkoddpage=\count350
) (C:/Users/fonta/AppData/Local/Programs/MiKTeX/tex/latex/varwidth/varwidth.sty
Package: varwidth 2009/03/30 ver 0.92;  Variable-width minipages
\@vwid@box=\box80
\sift@deathcycles=\count351
\@vwid@loff=\dimen322
\@vwid@roff=\dimen323
)) (C:/Users/fonta/AppData/Local/Programs/MiKTeX/tex/latex/emoji/emoji.sty
Package: emoji 2021/07/17 v0.2.2 Emoji support in (Lua)LaTeX

(C:/Users/fonta/AppData/Local/Programs/MiKTeX/tex/latex/fontspec/fontspec.sty
(C:/Users/fonta/AppData/Local/Programs/MiKTeX/tex/latex/l3packages/xparse/xpars
e.sty
(C:/Users/fonta/AppData/Local/Programs/MiKTeX/tex/latex/l3kernel/expl3.sty
Package: expl3 2025-01-18 L3 programming layer (loader) 

(C:/Users/fonta/AppData/Local/Programs/MiKTeX/tex/latex/l3backend/l3backend-lua
tex.def
File: l3backend-luatex.def 2024-01-04 L3 backend support: PDF output (LuaTeX)
\l__color_backend_stack_int=\count352
Inserting `l3color' in `luaotfload.parse_color'.
\l__pdf_internal_box=\box81
))
Package: xparse 2024-08-16 L3 Experimental document command parser
)
Package: fontspec 2022/01/15 v2.8a Font selection for XeLaTeX and LuaLaTeX
Lua module: fontspec 2022/01/15 v2.8a Font selection for XeLaTeX and LuaLaTeX
(C:/Users/fonta/AppData/Local/Programs/MiKTeX/tex/latex/fontspec/fontspec-luate
x.sty
Package: fontspec-luatex 2022/01/15 v2.8a Font selection for XeLaTeX and LuaLaT
eX
\l__fontspec_script_int=\count353
\l__fontspec_language_int=\count354
\l__fontspec_strnum_int=\count355
\l__fontspec_tmp_int=\count356
\l__fontspec_tmpa_int=\count357
\l__fontspec_tmpb_int=\count358
\l__fontspec_tmpc_int=\count359
\l__fontspec_em_int=\count360
\l__fontspec_emdef_int=\count361
\l__fontspec_strong_int=\count362
\l__fontspec_strongdef_int=\count363
\l__fontspec_tmpa_dim=\dimen324
\l__fontspec_tmpb_dim=\dimen325
\l__fontspec_tmpc_dim=\dimen326
 (C:/Users/fonta/AppData/Local/Programs/MiKTeX/tex/latex/base/fontenc.sty
Package: fontenc 2021/04/29 v2.0v Standard LaTeX package
) (C:/Users/fonta/AppData/Local/Programs/MiKTeX/tex/latex/fontspec/fontspec.cfg
)))
(C:/Users/fonta/AppData/Local/Programs/MiKTeX/tex/latex/emoji/emoji-table.def
File: emoji-table.def 2021/07/17 v0.2.2 Emojisupportin(Lua)LaTeX
)) (./presentation.aux)
\openout1 = presentation.aux

LaTeX Font Info:    Checking defaults for OML/cmm/m/it on input line 34.
LaTeX Font Info:    ... okay on input line 34.
LaTeX Font Info:    Checking defaults for OMS/cmsy/m/n on input line 34.
LaTeX Font Info:    ... okay on input line 34.
LaTeX Font Info:    Checking defaults for OT1/cmr/m/n on input line 34.
LaTeX Font Info:    ... okay on input line 34.
LaTeX Font Info:    Checking defaults for T1/cmr/m/n on input line 34.
LaTeX Font Info:    ... okay on input line 34.
LaTeX Font Info:    Checking defaults for TS1/cmr/m/n on input line 34.
LaTeX Font Info:    ... okay on input line 34.
LaTeX Font Info:    Checking defaults for TU/lmr/m/n on input line 34.
LaTeX Font Info:    ... okay on input line 34.
LaTeX Font Info:    Checking defaults for OMX/cmex/m/n on input line 34.
LaTeX Font Info:    ... okay on input line 34.
LaTeX Font Info:    Checking defaults for U/cmr/m/n on input line 34.
LaTeX Font Info:    ... okay on input line 34.
LaTeX Font Info:    Checking defaults for PD1/pdf/m/n on input line 34.
LaTeX Font Info:    ... okay on input line 34.
LaTeX Font Info:    Checking defaults for PU/pdf/m/n on input line 34.
LaTeX Font Info:    ... okay on input line 34.

*geometry* driver: auto-detecting
*geometry* detected driver: luatex
*geometry* verbose mode - [ preamble ] result:
* driver: luatex
* paper: custom
* layout: <same size as paper>
* layoutoffset:(h,v)=(0.0pt,0.0pt)
* modes: includehead includefoot 
* h-part:(L,W,R)=(10.95pt, 342.29536pt, 10.95pt)
* v-part:(T,H,B)=(0.0pt, 273.14662pt, 0.0pt)
* \paperwidth=364.19536pt
* \paperheight=273.14662pt
* \textwidth=342.29536pt
* \textheight=244.6939pt
* \oddsidemargin=-61.31999pt
* \evensidemargin=-61.31999pt
* \topmargin=-72.26999pt
* \headheight=14.22636pt
* \headsep=0.0pt
* \topskip=11.0pt
* \footskip=14.22636pt
* \marginparwidth=4.0pt
* \marginparsep=10.0pt
* \columnsep=10.0pt
* \skip\footins=10.0pt plus 4.0pt minus 2.0pt
* \hoffset=0.0pt
* \voffset=0.0pt
* \mag=1000
* \@twocolumnfalse
* \@twosidefalse
* \@mparswitchfalse
* \@reversemarginfalse
* (1in=72.27pt=25.4mm, 1cm=28.453pt)


(C:/Users/fonta/AppData/Local/Programs/MiKTeX/tex/context/base/mkii/supp-pdf.mk
ii
[Loading MPS to PDF converter (version 2006.09.02).]
\scratchcounter=\count364
\scratchdimen=\dimen327
\scratchbox=\box82
\nofMPsegments=\count365
\nofMParguments=\count366
\everyMPshowfont=\toks53
\MPscratchCnt=\count367
\MPscratchDim=\dimen328
\MPnumerator=\count368
\makeMPintoPDFobject=\count369
\everyMPtoPDFconversion=\toks54
)
(C:/Users/fonta/AppData/Local/Programs/MiKTeX/tex/latex/epstopdf-pkg/epstopdf-b
ase.sty
Package: epstopdf-base 2020-01-24 v2.11 Base part for package epstopdf
Package epstopdf-base Info: Redefining graphics rule for `.eps' on input line 4
85.

(C:/Users/fonta/AppData/Local/Programs/MiKTeX/tex/latex/00miktex/epstopdf-sys.c
fg
File: epstopdf-sys.cfg 2021/03/18 v2.0 Configuration of epstopdf for MiKTeX
))
Package hyperref Info: Link coloring OFF on input line 34.
 (./presentation.out) (./presentation.out)
\@outlinefile=\write5

\openout5 = presentation.out
LaTeX Font Info:    Overwriting symbol font `operators' in version `normal'
(Font)                  OT1/cmr/m/n --> OT1/cmss/m/n on input line 34.
LaTeX Font Info:    Overwriting symbol font `operators' in version `bold'
(Font)                  OT1/cmr/bx/n --> OT1/cmss/b/n on input line 34.
\symnumbers=\mathgroup6
\sympureletters=\mathgroup7
LaTeX Font Info:    Overwriting math alphabet `\mathrm' in version `normal'
(Font)                  OT1/cmss/m/n --> TU/lmr/m/n on input line 34.
LaTeX Font Info:    Redeclaring math alphabet \mathbf on input line 34.
LaTeX Font Info:    Overwriting math alphabet `\mathbf' in version `normal'
(Font)                  OT1/cmr/bx/n --> TU/lmss/b/n on input line 34.
LaTeX Font Info:    Overwriting math alphabet `\mathbf' in version `bold'
(Font)                  OT1/cmr/bx/n --> TU/lmss/b/n on input line 34.
LaTeX Font Info:    Redeclaring math alphabet \mathsf on input line 34.
LaTeX Font Info:    Overwriting math alphabet `\mathsf' in version `normal'
(Font)                  OT1/cmss/m/n --> TU/lmss/m/n on input line 34.
LaTeX Font Info:    Overwriting math alphabet `\mathsf' in version `bold'
(Font)                  OT1/cmss/bx/n --> TU/lmss/m/n on input line 34.
LaTeX Font Info:    Redeclaring math alphabet \mathit on input line 34.
LaTeX Font Info:    Overwriting math alphabet `\mathit' in version `normal'
(Font)                  OT1/cmr/m/it --> TU/lmss/m/it on input line 34.
LaTeX Font Info:    Overwriting math alphabet `\mathit' in version `bold'
(Font)                  OT1/cmr/bx/it --> TU/lmss/m/it on input line 34.
LaTeX Font Info:    Redeclaring math alphabet \mathtt on input line 34.
LaTeX Font Info:    Overwriting math alphabet `\mathtt' in version `normal'
(Font)                  OT1/cmtt/m/n --> TU/lmtt/m/n on input line 34.
LaTeX Font Info:    Overwriting math alphabet `\mathtt' in version `bold'
(Font)                  OT1/cmtt/m/n --> TU/lmtt/m/n on input line 34.
LaTeX Font Info:    Overwriting symbol font `numbers' in version `bold'
(Font)                  TU/lmss/m/n --> TU/lmss/b/n on input line 34.
LaTeX Font Info:    Overwriting symbol font `pureletters' in version `bold'
(Font)                  TU/lmss/m/it --> TU/lmss/b/it on input line 34.
LaTeX Font Info:    Overwriting math alphabet `\mathrm' in version `bold'
(Font)                  OT1/cmss/b/n --> TU/lmr/b/n on input line 34.
LaTeX Font Info:    Overwriting math alphabet `\mathbf' in version `bold'
(Font)                  TU/lmss/b/n --> TU/lmss/b/n on input line 34.
LaTeX Font Info:    Overwriting math alphabet `\mathsf' in version `bold'
(Font)                  TU/lmss/m/n --> TU/lmss/b/n on input line 34.
LaTeX Font Info:    Overwriting math alphabet `\mathit' in version `bold'
(Font)                  TU/lmss/m/it --> TU/lmss/b/it on input line 34.
LaTeX Font Info:    Overwriting math alphabet `\mathtt' in version `bold'
(Font)                  TU/lmtt/m/n --> TU/lmtt/b/n on input line 34.

(C:/Users/fonta/AppData/Local/Programs/MiKTeX/tex/latex/translator/translator-b
asic-dictionary-English.dict
Dictionary: translator-basic-dictionary, Language: English 
)
(C:/Users/fonta/AppData/Local/Programs/MiKTeX/tex/latex/translator/translator-b
ibliography-dictionary-English.dict
Dictionary: translator-bibliography-dictionary, Language: English 
)
(C:/Users/fonta/AppData/Local/Programs/MiKTeX/tex/latex/translator/translator-e
nvironment-dictionary-English.dict
Dictionary: translator-environment-dictionary, Language: English 
)
(C:/Users/fonta/AppData/Local/Programs/MiKTeX/tex/latex/translator/translator-m
onths-dictionary-English.dict
Dictionary: translator-months-dictionary, Language: English 
)
(C:/Users/fonta/AppData/Local/Programs/MiKTeX/tex/latex/translator/translator-n
umbers-dictionary-English.dict
Dictionary: translator-numbers-dictionary, Language: English 
)
(C:/Users/fonta/AppData/Local/Programs/MiKTeX/tex/latex/translator/translator-t
heorem-dictionary-English.dict
Dictionary: translator-theorem-dictionary, Language: English 
)

Package fontspec Info: Adjusting the maths setup (use [no-math] to avoid
(fontspec)             this).

\symlegacymaths=\mathgroup8
LaTeX Font Info:    Overwriting symbol font `legacymaths' in version `bold'
(Font)                  OT1/cmr/m/n --> OT1/cmr/bx/n on input line 34.
LaTeX Font Info:    Redeclaring math accent \acute on input line 34.
LaTeX Font Info:    Redeclaring math accent \grave on input line 34.
LaTeX Font Info:    Redeclaring math accent \ddot on input line 34.
LaTeX Font Info:    Redeclaring math accent \tilde on input line 34.
LaTeX Font Info:    Redeclaring math accent \bar on input line 34.
LaTeX Font Info:    Redeclaring math accent \breve on input line 34.
LaTeX Font Info:    Redeclaring math accent \check on input line 34.
LaTeX Font Info:    Redeclaring math accent \hat on input line 34.
LaTeX Font Info:    Redeclaring math accent \dot on input line 34.
LaTeX Font Info:    Redeclaring math accent \mathring on input line 34.
LaTeX Font Info:    Redeclaring math symbol \Gamma on input line 34.
LaTeX Font Info:    Redeclaring math symbol \Delta on input line 34.
LaTeX Font Info:    Redeclaring math symbol \Theta on input line 34.
LaTeX Font Info:    Redeclaring math symbol \Lambda on input line 34.
LaTeX Font Info:    Redeclaring math symbol \Xi on input line 34.
LaTeX Font Info:    Redeclaring math symbol \Pi on input line 34.
LaTeX Font Info:    Redeclaring math symbol \Sigma on input line 34.
LaTeX Font Info:    Redeclaring math symbol \Upsilon on input line 34.
LaTeX Font Info:    Redeclaring math symbol \Phi on input line 34.
LaTeX Font Info:    Redeclaring math symbol \Psi on input line 34.
LaTeX Font Info:    Redeclaring math symbol \Omega on input line 34.
LaTeX Font Info:    Redeclaring math symbol \mathdollar on input line 34.
LaTeX Font Info:    Redeclaring symbol font `operators' on input line 34.
LaTeX Font Info:    Encoding `OT1' has changed to `TU' for symbol font
(Font)              `operators' in the math version `normal' on input line 34.
LaTeX Font Info:    Overwriting symbol font `operators' in version `normal'
(Font)                  OT1/cmss/m/n --> TU/lmr/m/n on input line 34.
LaTeX Font Info:    Encoding `OT1' has changed to `TU' for symbol font
(Font)              `operators' in the math version `bold' on input line 34.
LaTeX Font Info:    Overwriting symbol font `operators' in version `bold'
(Font)                  OT1/cmss/b/n --> TU/lmr/m/n on input line 34.
LaTeX Font Info:    Overwriting symbol font `operators' in version `normal'
(Font)                  TU/lmr/m/n --> TU/lmr/m/n on input line 34.
LaTeX Font Info:    Redeclaring math alphabet \mathrm on input line 34.
LaTeX Font Info:    Overwriting math alphabet `\mathit' in version `normal'
(Font)                  TU/lmss/m/it --> TU/lmr/m/it on input line 34.
LaTeX Font Info:    Overwriting math alphabet `\mathbf' in version `normal'
(Font)                  TU/lmss/b/n --> TU/lmr/b/n on input line 34.
LaTeX Font Info:    Overwriting math alphabet `\mathsf' in version `normal'
(Font)                  TU/lmss/m/n --> TU/lmss/m/n on input line 34.
LaTeX Font Info:    Overwriting math alphabet `\mathtt' in version `normal'
(Font)                  TU/lmtt/m/n --> TU/lmtt/m/n on input line 34.
LaTeX Font Info:    Overwriting symbol font `operators' in version `bold'
(Font)                  TU/lmr/m/n --> TU/lmr/b/n on input line 34.
LaTeX Font Info:    Overwriting math alphabet `\mathit' in version `bold'
(Font)                  TU/lmss/b/it --> TU/lmr/b/it on input line 34.
LaTeX Font Info:    Overwriting math alphabet `\mathsf' in version `bold'
(Font)                  TU/lmss/b/n --> TU/lmss/b/n on input line 34.
LaTeX Font Info:    Overwriting math alphabet `\mathtt' in version `bold'
(Font)                  TU/lmtt/b/n --> TU/lmtt/b/n on input line 34.
luaotfload | cache : Lookup cache loaded from C:/Users/fonta/AppData/Local/MiKTe
X/luatex-cache/generic/names/luaotfload-lookup-cache.luc.

Package fontspec Info: Font family 'SegoeUIEmoji(0)' created for font 'Segoe
(fontspec)             UI Emoji' with options
(fontspec)             [BoldFont={},ItalicFont={},SmallCapsFont={},Renderer=Har
fBuzz].
(fontspec)              
(fontspec)              This font family consists of the following NFSS
(fontspec)             series/shapes:
(fontspec)              
(fontspec)             - 'normal' (m/n) with NFSS spec.:
(fontspec)             <->"SegoeUIEmoji:mode=harf;script=latn;language=dflt;"
(fontspec)             - 'small caps'  (m/sc) with NFSS spec.: 

 (./presentation.nav)
Overfull \hbox (19.38147pt too wide) in paragraph at lines 34--34
 [][][][]  
 []


Overfull \hbox (19.38147pt too wide) in paragraph at lines 38--38
 [][][][]  
 []




Overfull \hbox (19.38147pt too wide) has occurred while \output is active
 [][][][]  
 []

[1

{C:/Users/fonta/AppData/Local/MiKTeX/fonts/map/pdftex/pdftex.map}]
Overfull \hbox (19.38147pt too wide) in paragraph at lines 42--42
 [][][][]  
 []

(./presentation.toc)


Overfull \hbox (19.38147pt too wide) has occurred while \output is active
 [][][][]  
 []

[2

]
Overfull \hbox (19.38147pt too wide) in paragraph at lines 44--44
 [][][][]  
 []




Overfull \hbox (19.38147pt too wide) has occurred while \output is active
 [][][][]  
 []

[3

]
Overfull \hbox (19.38147pt too wide) in paragraph at lines 69--69
 [][][][]  
 []

LaTeX Font Info:    Trying to load font information for U+msa on input line 69.

(C:/Users/fonta/AppData/Local/Programs/MiKTeX/tex/latex/amsfonts/umsa.fd
File: umsa.fd 2013/01/14 v3.01 AMS symbols A
)
LaTeX Font Info:    Trying to load font information for U+msb on input line 69.


(C:/Users/fonta/AppData/Local/Programs/MiKTeX/tex/latex/amsfonts/umsb.fd
File: umsb.fd 2013/01/14 v3.01 AMS symbols B
)
LaTeX Font Info:    Font shape `TU/lmss/m/it' in size <10.95> not available
(Font)              Font shape `TU/lmss/m/sl' tried instead on input line 69.
LaTeX Font Info:    Font shape `TU/lmss/m/it' in size <8> not available
(Font)              Font shape `TU/lmss/m/sl' tried instead on input line 69.
LaTeX Font Info:    Font shape `TU/lmss/m/it' in size <6> not available
(Font)              Font shape `TU/lmss/m/sl' tried instead on input line 69.



Overfull \hbox (19.38147pt too wide) has occurred while \output is active
 [][][][]  
 []

[4

]
Overfull \hbox (19.38147pt too wide) in paragraph at lines 80--80
 [][][][]  
 []




Overfull \hbox (19.38147pt too wide) has occurred while \output is active
 [][][][]  
 []

[5

]
Overfull \hbox (19.38147pt too wide) in paragraph at lines 82--82
 [][][][]  
 []




Overfull \hbox (19.38147pt too wide) has occurred while \output is active
 [][][][]  
 []

[6

]
Overfull \hbox (19.38147pt too wide) in paragraph at lines 103--103
 [][][][]  
 []




Overfull \hbox (19.38147pt too wide) has occurred while \output is active
 [][][][]  
 []

[7

]
Overfull \hbox (19.38147pt too wide) in paragraph at lines 116--116
 [][][][]  
 []




Overfull \hbox (19.38147pt too wide) has occurred while \output is active
 [][][][]  
 []

[8

]
Overfull \hbox (19.38147pt too wide) in paragraph at lines 118--118
 [][][][]  
 []




Overfull \hbox (19.38147pt too wide) has occurred while \output is active
 [][][][]  
 []

[9

]
Overfull \hbox (19.38147pt too wide) in paragraph at lines 139--139
 [][][][]  
 []




Overfull \hbox (19.38147pt too wide) has occurred while \output is active
 [][][][]  
 []

[10

]
Overfull \hbox (19.38147pt too wide) in paragraph at lines 170--170
 [][][][]  
 []

LaTeX Font Info:    Font shape `TU/lmss/m/it' in size <12> not available
(Font)              Font shape `TU/lmss/m/sl' tried instead on input line 170.



Overfull \hbox (19.38147pt too wide) has occurred while \output is active
 [][][][]  
 []

[11

]
Overfull \hbox (19.38147pt too wide) in paragraph at lines 172--172
 [][][][]  
 []




Overfull \hbox (19.38147pt too wide) has occurred while \output is active
 [][][][]  
 []

[12

]
Overfull \hbox (19.38147pt too wide) in paragraph at lines 187--187
 [][][][]  
 []




Overfull \hbox (19.38147pt too wide) has occurred while \output is active
 [][][][]  
 []

[13

]
Overfull \hbox (19.38147pt too wide) in paragraph at lines 203--203
 [][][][]  
 []




Overfull \hbox (19.38147pt too wide) has occurred while \output is active
 [][][][]  
 []

[14

]
Overfull \hbox (19.38147pt too wide) in paragraph at lines 205--205
 [][][][]  
 []




Overfull \hbox (19.38147pt too wide) has occurred while \output is active
 [][][][]  
 []

[15

]
Overfull \hbox (19.38147pt too wide) in paragraph at lines 220--220
 [][][][]  
 []

<../Documentazione/img/tradeoff_experiments_bace.png, id=591, 722.7pt x 578.16p
t>
File: ../Documentazione/img/tradeoff_experiments_bace.png Graphic file (type pn
g)
<use ../Documentazione/img/tradeoff_experiments_bace.png>
Package luatex.def Info: ../Documentazione/img/tradeoff_experiments_bace.png  u
sed on input line 220.
(luatex.def)             Requested size: 171.14767pt x 136.91743pt.



Overfull \hbox (19.38147pt too wide) has occurred while \output is active
 [][][][]  
 []

[16

<../Documentazione/img/tradeoff_experiments_bace.png>]
Overfull \hbox (19.38147pt too wide) in paragraph at lines 235--235
 [][][][]  
 []

<../Documentazione/img/tradeoff_experiments_hiv.png, id=621, 722.7pt x 578.16pt
>
File: ../Documentazione/img/tradeoff_experiments_hiv.png Graphic file (type png
)
<use ../Documentazione/img/tradeoff_experiments_hiv.png>
Package luatex.def Info: ../Documentazione/img/tradeoff_experiments_hiv.png  us
ed on input line 235.
(luatex.def)             Requested size: 171.14767pt x 136.91743pt.



Overfull \hbox (19.38147pt too wide) has occurred while \output is active
 [][][][]  
 []

[17

<../Documentazione/img/tradeoff_experiments_hiv.png>]
Overfull \hbox (19.38147pt too wide) in paragraph at lines 250--250
 [][][][]  
 []

<../Documentazione/img/tradeoff_experiments_bbbp.png, id=651, 722.7pt x 578.16p
t>
File: ../Documentazione/img/tradeoff_experiments_bbbp.png Graphic file (type pn
g)
<use ../Documentazione/img/tradeoff_experiments_bbbp.png>
Package luatex.def Info: ../Documentazione/img/tradeoff_experiments_bbbp.png  u
sed on input line 250.
(luatex.def)             Requested size: 171.14767pt x 136.91743pt.



Overfull \hbox (19.38147pt too wide) has occurred while \output is active
 [][][][]  
 []

[18

<../Documentazione/img/tradeoff_experiments_bbbp.png>]
Overfull \hbox (19.38147pt too wide) in paragraph at lines 265--265
 [][][][]  
 []

<../Documentazione/img/tradeoff_experiments_cep.png, id=681, 722.7pt x 578.16pt
>
File: ../Documentazione/img/tradeoff_experiments_cep.png Graphic file (type png
)
<use ../Documentazione/img/tradeoff_experiments_cep.png>
Package luatex.def Info: ../Documentazione/img/tradeoff_experiments_cep.png  us
ed on input line 265.
(luatex.def)             Requested size: 171.14767pt x 136.91743pt.



Overfull \hbox (19.38147pt too wide) has occurred while \output is active
 [][][][]  
 []

[19

<../Documentazione/img/tradeoff_experiments_cep.png>]
Overfull \hbox (19.38147pt too wide) in paragraph at lines 281--281
 [][][][]  
 []

<../Documentazione/img/tradeoff_experiments_lipophilicity.png, id=711, 722.7pt 
x 578.16pt>
File: ../Documentazione/img/tradeoff_experiments_lipophilicity.png Graphic file
 (type png)
<use ../Documentazione/img/tradeoff_experiments_lipophilicity.png>
Package luatex.def Info: ../Documentazione/img/tradeoff_experiments_lipophilici
ty.png  used on input line 281.
(luatex.def)             Requested size: 171.14767pt x 136.91743pt.



Overfull \hbox (19.38147pt too wide) has occurred while \output is active
 [][][][]  
 []

[20

<../Documentazione/img/tradeoff_experiments_lipophilicity.png>]
Overfull \hbox (19.38147pt too wide) in paragraph at lines 296--296
 [][][][]  
 []

<../Documentazione/img/tradeoff_experiments_malaria.png, id=740, 722.7pt x 578.
16pt>
File: ../Documentazione/img/tradeoff_experiments_malaria.png Graphic file (type
 png)
<use ../Documentazione/img/tradeoff_experiments_malaria.png>
Package luatex.def Info: ../Documentazione/img/tradeoff_experiments_malaria.png
  used on input line 296.
(luatex.def)             Requested size: 171.14767pt x 136.91743pt.



Overfull \hbox (19.38147pt too wide) has occurred while \output is active
 [][][][]  
 []

[21

<../Documentazione/img/tradeoff_experiments_malaria.png>]
Overfull \hbox (19.38147pt too wide) in paragraph at lines 298--298
 [][][][]  
 []




Overfull \hbox (19.38147pt too wide) has occurred while \output is active
 [][][][]  
 []

[22

]
Overfull \hbox (19.38147pt too wide) in paragraph at lines 314--314
 [][][][]  
 []

<../Documentazione/img/partial_correlation_importance.png, id=799, 1300.86pt x 
433.62pt>
File: ../Documentazione/img/partial_correlation_importance.png Graphic file (ty
pe png)
<use ../Documentazione/img/partial_correlation_importance.png>
Package luatex.def Info: ../Documentazione/img/partial_correlation_importance.p
ng  used on input line 314.
(luatex.def)             Requested size: 273.83733pt x 91.27461pt.



Overfull \hbox (19.38147pt too wide) has occurred while \output is active
 [][][][]  
 []

[23

<../Documentazione/img/partial_correlation_importance.png>]
Overfull \hbox (19.38147pt too wide) in paragraph at lines 336--336
 [][][][]  
 []


LaTeX Font Warning: Font shape `TU/SegoeUIEmoji(0)/bx/n' undefined
(Font)              using `TU/SegoeUIEmoji(0)/m/n' instead on input line 336.




Overfull \hbox (19.38147pt too wide) has occurred while \output is active
 [][][][]  
 []

[24

]
\tf@nav=\write6

\openout6 = presentation.nav
\tf@toc=\write7

\openout7 = presentation.toc
\tf@snm=\write8

\openout8 = presentation.snm
 (./presentation.aux)
 ***********
LaTeX2e <2024-11-01> patch level 2
L3 programming layer <2025-01-18>
 ***********


LaTeX Font Warning: Some font shapes were not available, defaults substituted.

Package rerunfilecheck Info: File `presentation.out' has not changed.
(rerunfilecheck)             Checksum: 0849A733D58508133CDBC0A2C6108237;941.
)

Here is how much of LuaTeX's memory you used:
 31931 strings out of 475506
 100000,1144653 words of node,token memory allocated
 10433 words of node memory still in use:
   116 hlist, 18 vlist, 10 rule, 40 disc, 10 local_par, 264 glue, 38 kern, 24 pe
nalty, 429 glyph, 807 attribute, 63 glue_spec, 405 attribute_list, 4 write, 177 
pdf_literal, 44 pdf_colorstack nodes
   avail lists: 2:862,3:607,4:320,5:236,6:82,7:1813,8:46,9:674,10:13,11:98
 53992 multiletter control sequences out of 65536+600000
 62 fonts using 45865327 bytes
 128i,15n,116p,444b,1180s stack positions out of 10000i,1000n,20000p,200000b,200000s
<C:/WINDOWS/Fonts/seguiemj.ttf><//?/c:/users/fonta/appdata/local/programs/miktex
/fonts/opentype/public/lm/lmsans8-oblique.otf><c:/users/fonta/appdata/local/prog
rams/miktex/fonts/opentype/public/lm/lmsans12-oblique.otf><//?/c:/users/fonta/ap
pdata/local/programs/miktex/fonts/opentype/public/lm/lmsans10-oblique.otf><//?/c
:/users/fonta/appdata/local/programs/miktex/fonts/opentype/public/lm/lmmono10-re
gular.otf><//?/c:/users/fonta/appdata/local/programs/miktex/fonts/opentype/publi
c/lm/lmsans10-bold.otf><//?/c:/users/fonta/appdata/local/programs/miktex/fonts/o
pentype/public/lm/lmsans17-regular.otf><//?/c:/users/fonta/appdata/local/program
s/miktex/fonts/opentype/public/lm/lmsans8-regular.otf><//?/c:/users/fonta/appdat
a/local/programs/miktex/fonts/opentype/public/lm/lmsans10-regular.otf><//?/c:/us
ers/fonta/appdata/local/programs/miktex/fonts/opentype/public/lm/lmsans12-regula
r.otf><C:/Users/fonta/AppData/Local/Programs/MiKTeX/fonts/type1/public/amsfonts/
cm/cmmi10.pfb><C:/Users/fonta/AppData/Local/Programs/MiKTeX/fonts/type1/public/a
msfonts/cm/cmr10.pfb><C:/Users/fonta/AppData/Local/Programs/MiKTeX/fonts/type1/p
ublic/amsfonts/cm/cmr8.pfb><C:/Users/fonta/AppData/Local/Programs/MiKTeX/fonts/t
ype1/public/amsfonts/cm/cmsy10.pfb><C:/Users/fonta/AppData/Local/Programs/MiKTeX
/fonts/type1/public/amsfonts/cm/cmsy8.pfb>
Output written on presentation.pdf (24 pages, 834067 bytes).

PDF statistics: 973 PDF objects out of 1000 (max. 8388607)
 55 named destinations out of 1000 (max. 131072)
 754 words of extra memory for PDF output out of 10000 (max. 100000000)

