\BOOKMARK [1][-]{section.1}{\376\377\000B\000u\000s\000i\000n\000e\000s\000s\000\040\000U\000n\000d\000e\000r\000s\000t\000a\000n\000d\000i\000n\000g}{}% 1
\BOOKMARK [2][-]{subsection.1.1}{\376\377\000C\000o\000n\000t\000e\000x\000t\000\040\000a\000n\000d\000\040\000M\000o\000t\000i\000v\000a\000t\000i\000o\000n}{section.1}% 2
\BOOKMARK [2][-]{subsection.1.2}{\376\377\000B\000u\000s\000i\000n\000e\000s\000s\000\040\000O\000b\000j\000e\000c\000t\000i\000v\000e\000s}{section.1}% 3
\BOOKMARK [3][-]{subsubsection.1.2.1}{\376\377\000R\000e\000q\000u\000i\000r\000e\000m\000e\000n\000t\000s}{subsection.1.2}% 4
\BOOKMARK [3][-]{subsubsection.1.2.2}{\376\377\000E\000x\000p\000e\000c\000t\000a\000t\000i\000o\000n\000s}{subsection.1.2}% 5
\BOOKMARK [2][-]{subsection.1.3}{\376\377\000A\000s\000s\000e\000s\000s\000\040\000s\000i\000t\000u\000a\000t\000i\000o\000n}{section.1}% 6
\BOOKMARK [2][-]{subsection.1.4}{\376\377\000D\000a\000t\000a\000\040\000M\000i\000n\000i\000n\000g\000\040\000G\000o\000a\000l\000s}{section.1}% 7
\BOOKMARK [1][-]{section.2}{\376\377\000D\000a\000t\000a\000\040\000U\000n\000d\000e\000r\000s\000t\000a\000n\000d\000i\000n\000g}{}% 8
\BOOKMARK [2][-]{subsection.2.1}{\376\377\000S\000M\000I\000L\000E\000S\000\040\000R\000e\000p\000r\000e\000s\000e\000n\000t\000a\000t\000i\000o\000n}{section.2}% 9
\BOOKMARK [2][-]{subsection.2.2}{\376\377\000D\000a\000t\000a\000s\000e\000t\000\040\000D\000e\000s\000c\000r\000i\000p\000t\000i\000o\000n}{section.2}% 10
\BOOKMARK [3][-]{subsubsection.2.2.1}{\376\377\000B\000A\000C\000E}{subsection.2.2}% 11
\BOOKMARK [3][-]{subsubsection.2.2.2}{\376\377\000B\000B\000B\000P}{subsection.2.2}% 12
\BOOKMARK [3][-]{subsubsection.2.2.3}{\376\377\000C\000E\000P}{subsection.2.2}% 13
\BOOKMARK [3][-]{subsubsection.2.2.4}{\376\377\000H\000I\000V}{subsection.2.2}% 14
\BOOKMARK [3][-]{subsubsection.2.2.5}{\376\377\000M\000a\000l\000a\000r\000i\000a}{subsection.2.2}% 15
\BOOKMARK [3][-]{subsubsection.2.2.6}{\376\377\000L\000i\000p\000o\000p\000h\000i\000l\000i\000c\000i\000t\000y}{subsection.2.2}% 16
\BOOKMARK [2][-]{subsection.2.3}{\376\377\000D\000a\000t\000a\000\040\000E\000x\000p\000l\000o\000r\000a\000t\000i\000o\000n}{section.2}% 17
\BOOKMARK [2][-]{subsection.2.4}{\376\377\000D\000a\000t\000a\000\040\000D\000i\000s\000t\000r\000i\000b\000u\000t\000i\000o\000n\000\040\000A\000n\000a\000l\000y\000s\000i\000s}{section.2}% 18
\BOOKMARK [3][-]{subsubsection.2.4.1}{\376\377\000B\000A\000C\000E}{subsection.2.4}% 19
\BOOKMARK [3][-]{subsubsection.2.4.2}{\376\377\000B\000B\000B\000P}{subsection.2.4}% 20
\BOOKMARK [3][-]{subsubsection.2.4.3}{\376\377\000C\000E\000P}{subsection.2.4}% 21
\BOOKMARK [3][-]{subsubsection.2.4.4}{\376\377\000H\000I\000V}{subsection.2.4}% 22
\BOOKMARK [3][-]{subsubsection.2.4.5}{\376\377\000M\000a\000l\000a\000r\000i\000a}{subsection.2.4}% 23
\BOOKMARK [3][-]{subsubsection.2.4.6}{\376\377\000L\000i\000p\000o\000p\000h\000i\000l\000i\000c\000i\000t\000y}{subsection.2.4}% 24
\BOOKMARK [1][-]{section.3}{\376\377\000D\000a\000t\000a\000\040\000P\000r\000e\000p\000a\000r\000a\000t\000i\000o\000n}{}% 25
\BOOKMARK [2][-]{subsection.3.1}{\376\377\000P\000r\000e\000p\000r\000o\000c\000e\000s\000s\000i\000n\000g}{section.3}% 26
\BOOKMARK [3][-]{subsubsection.3.1.1}{\376\377\000S\000M\000I\000L\000E\000S\000\040\000V\000a\000l\000i\000d\000a\000t\000i\000o\000n}{subsection.3.1}% 27
\BOOKMARK [3][-]{subsubsection.3.1.2}{\376\377\000G\000r\000a\000p\000h\000\040\000G\000e\000n\000e\000r\000a\000t\000i\000o\000n}{subsection.3.1}% 28
\BOOKMARK [1][-]{section.4}{\376\377\000M\000o\000d\000e\000l\000l\000i\000n\000g}{}% 29
\BOOKMARK [2][-]{subsection.4.1}{\376\377\000A\000r\000c\000h\000i\000t\000e\000c\000t\000u\000r\000e\000s}{section.4}% 30
\BOOKMARK [3][-]{subsubsection.4.1.1}{\376\377\000S\000e\000q\000u\000e\000n\000c\000e\000-\000b\000a\000s\000e\000d\000\040\000M\000o\000d\000e\000l\000s\000\040\000\050\000T\000r\000a\000n\000s\000f\000o\000r\000m\000e\000r\000s\000\051}{subsection.4.1}% 31
\BOOKMARK [3][-]{subsubsection.4.1.2}{\376\377\000G\000r\000a\000p\000h\000\040\000N\000e\000u\000r\000a\000l\000\040\000N\000e\000t\000w\000o\000r\000k\000s}{subsection.4.1}% 32
\BOOKMARK [2][-]{subsection.4.2}{\376\377\000G\000F\000T\000\040\000S\000t\000r\000a\000t\000e\000g\000y}{section.4}% 33
\BOOKMARK [3][-]{subsubsection.4.2.1}{\376\377\000F\000o\000r\000m\000a\000l\000\040\000D\000e\000f\000i\000n\000i\000t\000i\000o\000n}{subsection.4.2}% 34
\BOOKMARK [3][-]{subsubsection.4.2.2}{\376\377\000S\000t\000o\000p\000p\000i\000n\000g\000\040\000C\000o\000n\000d\000i\000t\000i\000o\000n}{subsection.4.2}% 35
\BOOKMARK [2][-]{subsection.4.3}{\376\377\000F\000i\000n\000e\000\040\000t\000u\000n\000i\000n\000g\000\040\000d\000e\000t\000a\000i\000l\000s\000\040\000a\000n\000d\000\040\000h\000y\000p\000e\000r\000p\000a\000r\000a\000m\000e\000t\000e\000r\000s}{section.4}% 36
\BOOKMARK [3][-]{subsubsection.4.3.1}{\376\377\000S\000t\000o\000p\000p\000i\000n\000g\000\040\000c\000r\000i\000t\000e\000r\000i\000a}{subsection.4.3}% 37
\BOOKMARK [3][-]{subsubsection.4.3.2}{\376\377\000D\000a\000t\000a\000\040\000S\000p\000l\000i\000t\000t\000i\000n\000g}{subsection.4.3}% 38
\BOOKMARK [2][-]{subsection.4.4}{\376\377\000M\000e\000t\000r\000i\000c\000s}{section.4}% 39
\BOOKMARK [2][-]{subsection.4.5}{\376\377\000R\000e\000s\000u\000l\000t\000s}{section.4}% 40
\BOOKMARK [3][-]{subsubsection.4.5.1}{\376\377\000B\000A\000C\000E\000\040\000D\000a\000t\000a\000s\000e\000t\000\040\000\050\000C\000l\000a\000s\000s\000i\000f\000i\000c\000a\000t\000i\000o\000n\000\051}{subsection.4.5}% 41
\BOOKMARK [3][-]{subsubsection.4.5.2}{\376\377\000H\000I\000V\000\040\000D\000a\000t\000a\000s\000e\000t\000\040\000\050\000C\000l\000a\000s\000s\000i\000f\000i\000c\000a\000t\000i\000o\000n\000\051}{subsection.4.5}% 42
\BOOKMARK [3][-]{subsubsection.4.5.3}{\376\377\000B\000B\000B\000P\000\040\000D\000a\000t\000a\000s\000e\000t\000\040\000\050\000C\000l\000a\000s\000s\000i\000f\000i\000c\000a\000t\000i\000o\000n\000\051}{subsection.4.5}% 43
\BOOKMARK [3][-]{subsubsection.4.5.4}{\376\377\000C\000E\000P\000\040\000D\000a\000t\000a\000s\000e\000t\000\040\000\050\000R\000e\000g\000r\000e\000s\000s\000i\000o\000n\000\051}{subsection.4.5}% 44
\BOOKMARK [3][-]{subsubsection.4.5.5}{\376\377\000L\000i\000p\000o\000p\000h\000i\000l\000i\000c\000i\000t\000y\000\040\000D\000a\000t\000a\000s\000e\000t\000\040\000\050\000R\000e\000g\000r\000e\000s\000s\000i\000o\000n\000\051}{subsection.4.5}% 45
\BOOKMARK [3][-]{subsubsection.4.5.6}{\376\377\000M\000a\000l\000a\000r\000i\000a\000\040\000D\000a\000t\000a\000s\000e\000t\000\040\000\050\000R\000e\000g\000r\000e\000s\000s\000i\000o\000n\000\051}{subsection.4.5}% 46
\BOOKMARK [1][-]{section.5}{\376\377\000E\000v\000a\000l\000u\000a\000t\000i\000o\000n}{}% 47
\BOOKMARK [2][-]{subsection.5.1}{\376\377\000B\000A\000C\000E\000\040\000D\000a\000t\000a\000s\000e\000t\000\040\000\050\000C\000l\000a\000s\000s\000i\000f\000i\000c\000a\000t\000i\000o\000n\000\051}{section.5}% 48
\BOOKMARK [2][-]{subsection.5.2}{\376\377\000D\000a\000t\000a\000s\000e\000t\000\040\000H\000I\000V\000\040\000\050\000C\000l\000a\000s\000s\000i\000f\000i\000c\000a\000t\000i\000o\000n\000\051}{section.5}% 49
\BOOKMARK [2][-]{subsection.5.3}{\376\377\000D\000a\000t\000a\000s\000e\000t\000\040\000B\000B\000B\000P\000\040\000\050\000C\000l\000a\000s\000s\000i\000f\000i\000c\000a\000t\000i\000o\000n\000\051}{section.5}% 50
\BOOKMARK [2][-]{subsection.5.4}{\376\377\000C\000E\000P\000\040\000D\000a\000t\000a\000s\000e\000t\000\040\000\050\000R\000e\000g\000r\000e\000s\000s\000i\000o\000n\000\051}{section.5}% 51
\BOOKMARK [2][-]{subsection.5.5}{\376\377\000L\000i\000p\000o\000p\000h\000i\000l\000i\000c\000i\000t\000y\000\040\000D\000a\000t\000a\000s\000e\000t\000\040\000\050\000R\000e\000g\000r\000e\000s\000s\000i\000o\000n\000\051}{section.5}% 52
\BOOKMARK [2][-]{subsection.5.6}{\376\377\000M\000a\000l\000a\000r\000i\000a\000\040\000D\000a\000t\000a\000s\000e\000t\000\040\000\050\000R\000e\000g\000r\000e\000s\000s\000i\000o\000n\000\051}{section.5}% 53
\BOOKMARK [2][-]{subsection.5.7}{\376\377\000E\000x\000p\000l\000a\000i\000n\000a\000b\000i\000l\000i\000t\000y\000\040\000A\000n\000a\000l\000y\000s\000i\000s}{section.5}% 54
\BOOKMARK [3][-]{subsubsection.5.7.1}{\376\377\000M\000o\000t\000i\000v\000a\000t\000i\000o\000n\000\040\000a\000n\000d\000\040\000M\000e\000t\000h\000o\000d\000o\000l\000o\000g\000y}{subsection.5.7}% 55
\BOOKMARK [3][-]{subsubsection.5.7.2}{\376\377\000F\000e\000a\000t\000u\000r\000e\000\040\000E\000n\000g\000i\000n\000e\000e\000r\000i\000n\000g}{subsection.5.7}% 56
\BOOKMARK [3][-]{subsubsection.5.7.3}{\376\377\000K\000e\000y\000\040\000F\000i\000n\000d\000i\000n\000g\000s}{subsection.5.7}% 57
\BOOKMARK [3][-]{subsubsection.5.7.4}{\376\377\000I\000m\000p\000l\000i\000c\000a\000t\000i\000o\000n\000s\000\040\000f\000o\000r\000\040\000G\000F\000T\000\040\000S\000t\000r\000a\000t\000e\000g\000y}{subsection.5.7}% 58
\BOOKMARK [1][-]{section.6}{\376\377\000C\000o\000n\000c\000l\000u\000s\000i\000o\000n\000s}{}% 59
\BOOKMARK [2][-]{subsection.6.1}{\376\377\000K\000e\000y\000\040\000F\000i\000n\000d\000i\000n\000g\000s\000\040\000A\000c\000r\000o\000s\000s\000\040\000D\000a\000t\000a\000s\000e\000t\000s}{section.6}% 60
\BOOKMARK [2][-]{subsection.6.2}{\376\377\000E\000x\000p\000l\000a\000i\000n\000a\000b\000i\000l\000i\000t\000y\000\040\000I\000n\000s\000i\000g\000h\000t\000s}{section.6}% 61
\BOOKMARK [2][-]{subsection.6.3}{\376\377\000B\000r\000o\000a\000d\000e\000r\000\040\000I\000m\000p\000a\000c\000t}{section.6}% 62
